Class.forName;java.security.MessageDigestSpi;java.security.Security.getSpiClass;640;
Class.forName;java.util.CurrencyData;java.util.Currency$1.run;128;
Class.forName;org.apache.lucene.index.ReadOnlySegmentReader;org.apache.lucene.index.SegmentReader.<clinit>;203;
Class.forName;org.apache.lucene.index.SegmentReader;org.apache.lucene.index.SegmentReader.<clinit>;185;
Class.forName;org.apache.lucene.store.FSDirectory;org.apache.lucene.store.FSDirectory.<clinit>;109;
Class.forName;sun.security.provider.MD5;java.security.Provider$Service.getImplClass;1260;
Class.newInstance;org.apache.lucene.index.ReadOnlySegmentReader;org.apache.lucene.index.SegmentReader.get;299;
Class.newInstance;org.apache.lucene.store.FSDirectory;org.apache.lucene.store.FSDirectory.getDirectory;182;
Class.newInstance;sun.security.provider.MD5;java.security.Provider$Service.newInstance;1221;
Class.newInstance;sun.security.provider.Sun;sun.security.jca.ProviderConfig$3.run;240;
Class.newInstance;sun.text.resources.FormatData;java.util.ResourceBundle$Control.newBundle;2389;
Class.newInstance;sun.text.resources.FormatData_en;java.util.ResourceBundle$Control.newBundle;2389;
Class.newInstance;sun.text.resources.FormatData_en_AU;java.util.ResourceBundle$Control.newBundle;2389;
Class.newInstance;sun.util.resources.CalendarData;java.util.ResourceBundle$Control.newBundle;2389;
Class.newInstance;sun.util.resources.CalendarData_en;java.util.ResourceBundle$Control.newBundle;2389;
Class.newInstance;sun.util.resources.CurrencyNames;java.util.ResourceBundle$Control.newBundle;2389;
Class.newInstance;sun.util.resources.CurrencyNames_en_AU;java.util.ResourceBundle$Control.newBundle;2389;
Constructor.newInstance;<org.apache.lucene.index.ReadOnlySegmentReader: void <init>()>;org.apache.lucene.index.SegmentReader.get;299;
Constructor.newInstance;<org.apache.lucene.store.FSDirectory: void <init>()>;org.apache.lucene.store.FSDirectory.getDirectory;182;
Constructor.newInstance;<sun.security.provider.MD5: void <init>()>;java.security.Provider$Service.newInstance;1221;
Constructor.newInstance;<sun.security.provider.Sun: void <init>()>;sun.security.jca.ProviderConfig$3.run;240;
Constructor.newInstance;<sun.text.resources.FormatData: void <init>()>;java.util.ResourceBundle$Control.newBundle;2389;
Constructor.newInstance;<sun.text.resources.FormatData_en: void <init>()>;java.util.ResourceBundle$Control.newBundle;2389;
Constructor.newInstance;<sun.text.resources.FormatData_en_AU: void <init>()>;java.util.ResourceBundle$Control.newBundle;2389;
Constructor.newInstance;<sun.util.resources.CalendarData: void <init>()>;java.util.ResourceBundle$Control.newBundle;2389;
Constructor.newInstance;<sun.util.resources.CalendarData_en: void <init>()>;java.util.ResourceBundle$Control.newBundle;2389;
Constructor.newInstance;<sun.util.resources.CurrencyNames: void <init>()>;java.util.ResourceBundle$Control.newBundle;2389;
Constructor.newInstance;<sun.util.resources.CurrencyNames_en_AU: void <init>()>;java.util.ResourceBundle$Control.newBundle;2389;
